2024-11-26 20:27:28.016  INFO 22540 --- [main] o.apache.catalina.core.StandardService   : Starting service [Tomcat]
2024-11-26 20:27:28.018  INFO 22540 --- [main] org.apache.catalina.core.StandardEngine  : Starting Servlet engine: [Apache Tomcat/9.0.68]
2024-11-26 20:27:28.149  INFO 22540 --- [main] o.a.c.c.C.[Tomcat].[localhost].[/]       : Initializing Spring embedded WebApplicationContext
2024-11-26 20:27:28.149  INFO 22540 --- [main] w.s.c.ServletWebServerApplicationContext : Root WebApplicationContext: initialization completed in 909 ms
2024-11-26 20:27:28.222  INFO 22540 --- [main] c.e.b.controller.LoggerController        : 打印日志
2024-11-26 20:27:28.222 ERROR 22540 --- [main] c.e.b.controller.LoggerController        : 打印日志
2024-11-26 20:27:28.223  WARN 22540 --- [main] c.e.b.controller.LoggerController        : 打印日志
2024-11-26 20:27:28.365  INFO 22540 --- [main] o.s.b.a.w.s.WelcomePageHandlerMapping    : Adding welcome page: class path resource [static/index.html]
2024-11-26 20:27:28.571  INFO 22540 --- [main] o.s.b.w.embedded.tomcat.TomcatWebServer  : Tomcat started on port(s): 8080 (http) with context path ''
2024-11-26 20:27:28.579  INFO 22540 --- [main] c.e.b.BooksManagementSystemApplication   : Started BooksManagementSystemApplication in 1.759 seconds (JVM running for 2.899)
2024-11-26 20:29:18.378  INFO 22872 --- [main] .b.BooksManagementSystemApplicationTests : Starting BooksManagementSystemApplicationTests using Java 1.8.0_192 on DESKTOP-5A1B7J0 with PID 22872 (started by Lenovo in D:\java_code\BooksManagementSystem\BooksManagementSystem)
2024-11-26 20:29:18.379  INFO 22872 --- [main] .b.BooksManagementSystemApplicationTests : No active profile set, falling back to 1 default profile: "default"
2024-11-26 20:29:19.074  INFO 22872 --- [main] c.e.b.controller.LoggerController        : 打印日志
2024-11-26 20:29:19.075 ERROR 22872 --- [main] c.e.b.controller.LoggerController        : 打印日志
2024-11-26 20:29:19.075  WARN 22872 --- [main] c.e.b.controller.LoggerController        : 打印日志
2024-11-26 20:29:19.586  INFO 22872 --- [main] o.s.b.a.w.s.WelcomePageHandlerMapping    : Adding welcome page: class path resource [static/index.html]
2024-11-26 20:29:20.237  INFO 22872 --- [main] .b.BooksManagementSystemApplicationTests : Started BooksManagementSystemApplicationTests in 2.136 seconds (JVM running for 3.129)
2024-11-26 20:29:20.497  INFO 22872 --- [main] com.zaxxer.hikari.HikariDataSource       : HikariPool-1 - Starting...
2024-11-26 20:29:20.691  INFO 22872 --- [main] com.zaxxer.hikari.HikariDataSource       : HikariPool-1 - Start completed.
2024-11-26 20:29:20.807  INFO 22872 --- [SpringApplicationShutdownHook] com.zaxxer.hikari.HikariDataSource       : HikariPool-1 - Shutdown initiated...
2024-11-26 20:29:20.821  INFO 22872 --- [SpringApplicationShutdownHook] com.zaxxer.hikari.HikariDataSource       : HikariPool-1 - Shutdown completed.
2024-11-26 20:29:47.975  INFO 16088 --- [main] .b.BooksManagementSystemApplicationTests : Starting BooksManagementSystemApplicationTests using Java 1.8.0_192 on DESKTOP-5A1B7J0 with PID 16088 (started by Lenovo in D:\java_code\BooksManagementSystem\BooksManagementSystem)
2024-11-26 20:29:47.977  INFO 16088 --- [main] .b.BooksManagementSystemApplicationTests : No active profile set, falling back to 1 default profile: "default"
2024-11-26 20:29:48.718  INFO 16088 --- [main] c.e.b.controller.LoggerController        : 打印日志
2024-11-26 20:29:48.727 ERROR 16088 --- [main] c.e.b.controller.LoggerController        : 打印日志
2024-11-26 20:29:48.734  WARN 16088 --- [main] c.e.b.controller.LoggerController        : 打印日志
2024-11-26 20:29:49.250  INFO 16088 --- [main] o.s.b.a.w.s.WelcomePageHandlerMapping    : Adding welcome page: class path resource [static/index.html]
2024-11-26 20:29:49.790  INFO 16088 --- [main] .b.BooksManagementSystemApplicationTests : Started BooksManagementSystemApplicationTests in 2.132 seconds (JVM running for 3.078)
2024-11-26 20:29:49.970  INFO 16088 --- [main] com.zaxxer.hikari.HikariDataSource       : HikariPool-1 - Starting...
2024-11-26 20:29:50.164  INFO 16088 --- [main] com.zaxxer.hikari.HikariDataSource       : HikariPool-1 - Start completed.
2024-11-26 20:29:50.279  INFO 16088 --- [SpringApplicationShutdownHook] com.zaxxer.hikari.HikariDataSource       : HikariPool-1 - Shutdown initiated...
2024-11-26 20:29:50.299  INFO 16088 --- [SpringApplicationShutdownHook] com.zaxxer.hikari.HikariDataSource       : HikariPool-1 - Shutdown completed.
2024-11-26 20:30:20.311  INFO 46364 --- [main] .b.BooksManagementSystemApplicationTests : Starting BooksManagementSystemApplicationTests using Java 1.8.0_192 on DESKTOP-5A1B7J0 with PID 46364 (started by Lenovo in D:\java_code\BooksManagementSystem\BooksManagementSystem)
2024-11-26 20:30:20.312  INFO 46364 --- [main] .b.BooksManagementSystemApplicationTests : No active profile set, falling back to 1 default profile: "default"
2024-11-26 20:30:21.340  INFO 46364 --- [main] c.e.b.controller.LoggerController        : 打印日志
2024-11-26 20:30:21.352 ERROR 46364 --- [main] c.e.b.controller.LoggerController        : 打印日志
2024-11-26 20:30:21.361  WARN 46364 --- [main] c.e.b.controller.LoggerController        : 打印日志
2024-11-26 20:30:21.960  INFO 46364 --- [main] o.s.b.a.w.s.WelcomePageHandlerMapping    : Adding welcome page: class path resource [static/index.html]
2024-11-26 20:30:22.675  INFO 46364 --- [main] .b.BooksManagementSystemApplicationTests : Started BooksManagementSystemApplicationTests in 2.697 seconds (JVM running for 3.692)
2024-11-26 20:30:22.889  INFO 46364 --- [main] com.zaxxer.hikari.HikariDataSource       : HikariPool-1 - Starting...
2024-11-26 20:30:23.072  INFO 46364 --- [main] com.zaxxer.hikari.HikariDataSource       : HikariPool-1 - Start completed.
2024-11-26 20:30:23.141  INFO 46364 --- [SpringApplicationShutdownHook] com.zaxxer.hikari.HikariDataSource       : HikariPool-1 - Shutdown initiated...
2024-11-26 20:30:23.155  INFO 46364 --- [SpringApplicationShutdownHook] com.zaxxer.hikari.HikariDataSource       : HikariPool-1 - Shutdown completed.
